D:\GITHUB\COCOS2D-X-2.2.4\PROJECTS\DOUXINGYUN\PROJ.WIN32\DEBUG.WIN32\APPDELEGATE.OBJ
D:\GITHUB\COCOS2D-X-2.2.4\PROJECTS\DOUXINGYUN\PROJ.WIN32\DEBUG.WIN32\HELLOWORLDSCENE.OBJ
D:\GITHUB\COCOS2D-X-2.2.4\PROJECTS\DOUXINGYUN\PROJ.WIN32\DEBUG.WIN32\CPACKET.OBJ
D:\GITHUB\COCOS2D-X-2.2.4\PROJECTS\DOUXINGYUN\PROJ.WIN32\DEBUG.WIN32\CTCPSERVER.OBJ
D:\GITHUB\COCOS2D-X-2.2.4\PROJECTS\DOUXINGYUN\PROJ.WIN32\DEBUG.WIN32\MAIN.OBJ
D:\GITHUB\COCOS2D-X-2.2.4\PROJECTS\DOUXINGYUN\PROJ.WIN32\DEBUG.WIN32\VC110.PDB
D:\GITHUB\COCOS2D-X-2.2.4\PROJECTS\DOUXINGYUN\PROJ.WIN32\DEBUG.WIN32\CTCPMNG.OBJ
D:\GITHUB\COCOS2D-X-2.2.4\PROJECTS\DOUXINGYUN\PROJ.WIN32\DEBUG.WIN32\CMSGHELPER.OBJ
D:\GITHUB\COCOS2D-X-2.2.4\PROJECTS\DOUXINGYUN\PROJ.WIN32\DEBUG.WIN32\CCLIENT.OBJ
D:\GITHUB\COCOS2D-X-2.2.4\PROJECTS\DOUXINGYUN\PROJ.WIN32\DEBUG.WIN32\CNAVIGATIONLY.OBJ
D:\GITHUB\COCOS2D-X-2.2.4\PROJECTS\DOUXINGYUN\PROJ.WIN32\DEBUG.WIN32\CMAINSCENE.OBJ
D:\GITHUB\COCOS2D-X-2.2.4\PROJECTS\DOUXINGYUN\PROJ.WIN32\DEBUG.WIN32\CBUTTON.OBJ
D:\GITHUB\COCOS2D-X-2.2.4\PROJECTS\DOUXINGYUN\PROJ.WIN32\DEBUG.WIN32\CCONFIG.OBJ
D:\GITHUB\COCOS2D-X-2.2.4\PROJECTS\DOUXINGYUN\PROJ.WIN32\DEBUG.WIN32\LIOLIB.OBJ
D:\GITHUB\COCOS2D-X-2.2.4\PROJECTS\DOUXINGYUN\PROJ.WIN32\DEBUG.WIN32\LLEX.OBJ
D:\GITHUB\COCOS2D-X-2.2.4\PROJECTS\DOUXINGYUN\PROJ.WIN32\DEBUG.WIN32\LMATHLIB.OBJ
D:\GITHUB\COCOS2D-X-2.2.4\PROJECTS\DOUXINGYUN\PROJ.WIN32\DEBUG.WIN32\LMEM.OBJ
D:\GITHUB\COCOS2D-X-2.2.4\PROJECTS\DOUXINGYUN\PROJ.WIN32\DEBUG.WIN32\LOADLIB.OBJ
D:\GITHUB\COCOS2D-X-2.2.4\PROJECTS\DOUXINGYUN\PROJ.WIN32\DEBUG.WIN32\LOBJECT.OBJ
D:\GITHUB\COCOS2D-X-2.2.4\PROJECTS\DOUXINGYUN\PROJ.WIN32\DEBUG.WIN32\LOPCODES.OBJ
D:\GITHUB\COCOS2D-X-2.2.4\PROJECTS\DOUXINGYUN\PROJ.WIN32\DEBUG.WIN32\LOSLIB.OBJ
D:\GITHUB\COCOS2D-X-2.2.4\PROJECTS\DOUXINGYUN\PROJ.WIN32\DEBUG.WIN32\LPARSER.OBJ
D:\GITHUB\COCOS2D-X-2.2.4\PROJECTS\DOUXINGYUN\PROJ.WIN32\DEBUG.WIN32\LSTATE.OBJ
D:\GITHUB\COCOS2D-X-2.2.4\PROJECTS\DOUXINGYUN\PROJ.WIN32\DEBUG.WIN32\LSTRING.OBJ
D:\GITHUB\COCOS2D-X-2.2.4\PROJECTS\DOUXINGYUN\PROJ.WIN32\DEBUG.WIN32\LSTRLIB.OBJ
D:\GITHUB\COCOS2D-X-2.2.4\PROJECTS\DOUXINGYUN\PROJ.WIN32\DEBUG.WIN32\LTABLE.OBJ
D:\GITHUB\COCOS2D-X-2.2.4\PROJECTS\DOUXINGYUN\PROJ.WIN32\DEBUG.WIN32\LTABLIB.OBJ
D:\GITHUB\COCOS2D-X-2.2.4\PROJECTS\DOUXINGYUN\PROJ.WIN32\DEBUG.WIN32\LTM.OBJ
D:\GITHUB\COCOS2D-X-2.2.4\PROJECTS\DOUXINGYUN\PROJ.WIN32\DEBUG.WIN32\LUA.OBJ
D:\GITHUB\COCOS2D-X-2.2.4\PROJECTS\DOUXINGYUN\PROJ.WIN32\DEBUG.WIN32\LUAC.OBJ
D:\GITHUB\COCOS2D-X-2.2.4\PROJECTS\DOUXINGYUN\PROJ.WIN32\DEBUG.WIN32\LUNDUMP.OBJ
D:\GITHUB\COCOS2D-X-2.2.4\PROJECTS\DOUXINGYUN\PROJ.WIN32\DEBUG.WIN32\LVM.OBJ
D:\GITHUB\COCOS2D-X-2.2.4\PROJECTS\DOUXINGYUN\PROJ.WIN32\DEBUG.WIN32\LZIO.OBJ
D:\GITHUB\COCOS2D-X-2.2.4\PROJECTS\DOUXINGYUN\PROJ.WIN32\DEBUG.WIN32\LAPI.OBJ
D:\GITHUB\COCOS2D-X-2.2.4\PROJECTS\DOUXINGYUN\PROJ.WIN32\DEBUG.WIN32\LAUXLIB.OBJ
D:\GITHUB\COCOS2D-X-2.2.4\PROJECTS\DOUXINGYUN\PROJ.WIN32\DEBUG.WIN32\LBASELIB.OBJ
D:\GITHUB\COCOS2D-X-2.2.4\PROJECTS\DOUXINGYUN\PROJ.WIN32\DEBUG.WIN32\LBITLIB.OBJ
D:\GITHUB\COCOS2D-X-2.2.4\PROJECTS\DOUXINGYUN\PROJ.WIN32\DEBUG.WIN32\LCODE.OBJ
D:\GITHUB\COCOS2D-X-2.2.4\PROJECTS\DOUXINGYUN\PROJ.WIN32\DEBUG.WIN32\LCOROLIB.OBJ
D:\GITHUB\COCOS2D-X-2.2.4\PROJECTS\DOUXINGYUN\PROJ.WIN32\DEBUG.WIN32\LCTYPE.OBJ
D:\GITHUB\COCOS2D-X-2.2.4\PROJECTS\DOUXINGYUN\PROJ.WIN32\DEBUG.WIN32\LDBLIB.OBJ
D:\GITHUB\COCOS2D-X-2.2.4\PROJECTS\DOUXINGYUN\PROJ.WIN32\DEBUG.WIN32\LDEBUG.OBJ
D:\GITHUB\COCOS2D-X-2.2.4\PROJECTS\DOUXINGYUN\PROJ.WIN32\DEBUG.WIN32\LDO.OBJ
D:\GITHUB\COCOS2D-X-2.2.4\PROJECTS\DOUXINGYUN\PROJ.WIN32\DEBUG.WIN32\LDUMP.OBJ
D:\GITHUB\COCOS2D-X-2.2.4\PROJECTS\DOUXINGYUN\PROJ.WIN32\DEBUG.WIN32\LFUNC.OBJ
D:\GITHUB\COCOS2D-X-2.2.4\PROJECTS\DOUXINGYUN\PROJ.WIN32\DEBUG.WIN32\LGC.OBJ
D:\GITHUB\COCOS2D-X-2.2.4\PROJECTS\DOUXINGYUN\PROJ.WIN32\DEBUG.WIN32\LINIT.OBJ
D:\GITHUB\COCOS2D-X-2.2.4\DEBUG.WIN32\DOUXINGYUN.ILK
D:\GITHUB\COCOS2D-X-2.2.4\DEBUG.WIN32\DOUXINGYUN.EXE
D:\GITHUB\COCOS2D-X-2.2.4\DEBUG.WIN32\DOUXINGYUN.PDB
D:\GitHub\cocos2d-x-2.2.4\projects\douxingyun\proj.win32\Debug.win32\AppDelegate.obj
D:\GitHub\cocos2d-x-2.2.4\projects\douxingyun\proj.win32\Debug.win32\CButton.obj
D:\GitHub\cocos2d-x-2.2.4\projects\douxingyun\proj.win32\Debug.win32\CClient.obj
D:\GitHub\cocos2d-x-2.2.4\projects\douxingyun\proj.win32\Debug.win32\CConfig.obj
D:\GitHub\cocos2d-x-2.2.4\projects\douxingyun\proj.win32\Debug.win32\CMainScene.obj
D:\GitHub\cocos2d-x-2.2.4\projects\douxingyun\proj.win32\Debug.win32\CMsgHelper.obj
D:\GitHub\cocos2d-x-2.2.4\projects\douxingyun\proj.win32\Debug.win32\CNavigationLy.obj
D:\GitHub\cocos2d-x-2.2.4\projects\douxingyun\proj.win32\Debug.win32\CPacket.obj
D:\GitHub\cocos2d-x-2.2.4\projects\douxingyun\proj.win32\Debug.win32\CTCPMng.obj
D:\GitHub\cocos2d-x-2.2.4\projects\douxingyun\proj.win32\Debug.win32\CTCPServer.obj
D:\GitHub\cocos2d-x-2.2.4\projects\douxingyun\proj.win32\Debug.win32\HelloWorldScene.obj
D:\GitHub\cocos2d-x-2.2.4\projects\douxingyun\proj.win32\Debug.win32\lapi.obj
D:\GitHub\cocos2d-x-2.2.4\projects\douxingyun\proj.win32\Debug.win32\lauxlib.obj
D:\GitHub\cocos2d-x-2.2.4\projects\douxingyun\proj.win32\Debug.win32\lbaselib.obj
D:\GitHub\cocos2d-x-2.2.4\projects\douxingyun\proj.win32\Debug.win32\lbitlib.obj
D:\GitHub\cocos2d-x-2.2.4\projects\douxingyun\proj.win32\Debug.win32\lcode.obj
D:\GitHub\cocos2d-x-2.2.4\projects\douxingyun\proj.win32\Debug.win32\lcorolib.obj
D:\GitHub\cocos2d-x-2.2.4\projects\douxingyun\proj.win32\Debug.win32\lctype.obj
D:\GitHub\cocos2d-x-2.2.4\projects\douxingyun\proj.win32\Debug.win32\ldblib.obj
D:\GitHub\cocos2d-x-2.2.4\projects\douxingyun\proj.win32\Debug.win32\ldebug.obj
D:\GitHub\cocos2d-x-2.2.4\projects\douxingyun\proj.win32\Debug.win32\ldo.obj
D:\GitHub\cocos2d-x-2.2.4\projects\douxingyun\proj.win32\Debug.win32\ldump.obj
D:\GitHub\cocos2d-x-2.2.4\projects\douxingyun\proj.win32\Debug.win32\lfunc.obj
D:\GitHub\cocos2d-x-2.2.4\projects\douxingyun\proj.win32\Debug.win32\lgc.obj
D:\GitHub\cocos2d-x-2.2.4\projects\douxingyun\proj.win32\Debug.win32\linit.obj
D:\GitHub\cocos2d-x-2.2.4\projects\douxingyun\proj.win32\Debug.win32\liolib.obj
D:\GitHub\cocos2d-x-2.2.4\projects\douxingyun\proj.win32\Debug.win32\llex.obj
D:\GitHub\cocos2d-x-2.2.4\projects\douxingyun\proj.win32\Debug.win32\lmathlib.obj
D:\GitHub\cocos2d-x-2.2.4\projects\douxingyun\proj.win32\Debug.win32\lmem.obj
D:\GitHub\cocos2d-x-2.2.4\projects\douxingyun\proj.win32\Debug.win32\loadlib.obj
D:\GitHub\cocos2d-x-2.2.4\projects\douxingyun\proj.win32\Debug.win32\lobject.obj
D:\GitHub\cocos2d-x-2.2.4\projects\douxingyun\proj.win32\Debug.win32\lopcodes.obj
D:\GitHub\cocos2d-x-2.2.4\projects\douxingyun\proj.win32\Debug.win32\loslib.obj
D:\GitHub\cocos2d-x-2.2.4\projects\douxingyun\proj.win32\Debug.win32\lparser.obj
D:\GitHub\cocos2d-x-2.2.4\projects\douxingyun\proj.win32\Debug.win32\lstate.obj
D:\GitHub\cocos2d-x-2.2.4\projects\douxingyun\proj.win32\Debug.win32\lstring.obj
D:\GitHub\cocos2d-x-2.2.4\projects\douxingyun\proj.win32\Debug.win32\lstrlib.obj
D:\GitHub\cocos2d-x-2.2.4\projects\douxingyun\proj.win32\Debug.win32\ltable.obj
D:\GitHub\cocos2d-x-2.2.4\projects\douxingyun\proj.win32\Debug.win32\ltablib.obj
D:\GitHub\cocos2d-x-2.2.4\projects\douxingyun\proj.win32\Debug.win32\ltm.obj
D:\GitHub\cocos2d-x-2.2.4\projects\douxingyun\proj.win32\Debug.win32\lua.obj
D:\GitHub\cocos2d-x-2.2.4\projects\douxingyun\proj.win32\Debug.win32\luac.obj
D:\GitHub\cocos2d-x-2.2.4\projects\douxingyun\proj.win32\Debug.win32\lundump.obj
D:\GitHub\cocos2d-x-2.2.4\projects\douxingyun\proj.win32\Debug.win32\lvm.obj
D:\GitHub\cocos2d-x-2.2.4\projects\douxingyun\proj.win32\Debug.win32\lzio.obj
D:\GitHub\cocos2d-x-2.2.4\projects\douxingyun\proj.win32\Debug.win32\main.obj
D:\GitHub\cocos2d-x-2.2.4\projects\douxingyun\proj.win32\Debug.win32\cl.command.1.tlog
D:\GitHub\cocos2d-x-2.2.4\projects\douxingyun\proj.win32\Debug.win32\CL.read.1.tlog
D:\GitHub\cocos2d-x-2.2.4\projects\douxingyun\proj.win32\Debug.win32\CL.write.1.tlog
D:\GitHub\cocos2d-x-2.2.4\projects\douxingyun\proj.win32\Debug.win32\link-cvtres.read.1.tlog
D:\GitHub\cocos2d-x-2.2.4\projects\douxingyun\proj.win32\Debug.win32\link-cvtres.write.1.tlog
D:\GitHub\cocos2d-x-2.2.4\projects\douxingyun\proj.win32\Debug.win32\link-rc.read.1.tlog
D:\GitHub\cocos2d-x-2.2.4\projects\douxingyun\proj.win32\Debug.win32\link-rc.write.1.tlog
D:\GitHub\cocos2d-x-2.2.4\projects\douxingyun\proj.win32\Debug.win32\link.10668-cvtres.read.1.tlog
D:\GitHub\cocos2d-x-2.2.4\projects\douxingyun\proj.win32\Debug.win32\link.10668-cvtres.write.1.tlog
D:\GitHub\cocos2d-x-2.2.4\projects\douxingyun\proj.win32\Debug.win32\link.10668-rc.read.1.tlog
D:\GitHub\cocos2d-x-2.2.4\projects\douxingyun\proj.win32\Debug.win32\link.10668-rc.write.1.tlog
D:\GitHub\cocos2d-x-2.2.4\projects\douxingyun\proj.win32\Debug.win32\link.10668.read.1.tlog
D:\GitHub\cocos2d-x-2.2.4\projects\douxingyun\proj.win32\Debug.win32\link.10668.write.1.tlog
D:\GitHub\cocos2d-x-2.2.4\projects\douxingyun\proj.win32\Debug.win32\link.11260-cvtres.read.1.tlog
D:\GitHub\cocos2d-x-2.2.4\projects\douxingyun\proj.win32\Debug.win32\link.11260-cvtres.write.1.tlog
D:\GitHub\cocos2d-x-2.2.4\projects\douxingyun\proj.win32\Debug.win32\link.11260-rc.read.1.tlog
D:\GitHub\cocos2d-x-2.2.4\projects\douxingyun\proj.win32\Debug.win32\link.11260-rc.write.1.tlog
D:\GitHub\cocos2d-x-2.2.4\projects\douxingyun\proj.win32\Debug.win32\link.11260.read.1.tlog
D:\GitHub\cocos2d-x-2.2.4\projects\douxingyun\proj.win32\Debug.win32\link.11260.write.1.tlog
D:\GitHub\cocos2d-x-2.2.4\projects\douxingyun\proj.win32\Debug.win32\link.12412-cvtres.read.1.tlog
D:\GitHub\cocos2d-x-2.2.4\projects\douxingyun\proj.win32\Debug.win32\link.12412-cvtres.write.1.tlog
D:\GitHub\cocos2d-x-2.2.4\projects\douxingyun\proj.win32\Debug.win32\link.12412-rc.read.1.tlog
D:\GitHub\cocos2d-x-2.2.4\projects\douxingyun\proj.win32\Debug.win32\link.12412-rc.write.1.tlog
D:\GitHub\cocos2d-x-2.2.4\projects\douxingyun\proj.win32\Debug.win32\link.12412.read.1.tlog
D:\GitHub\cocos2d-x-2.2.4\projects\douxingyun\proj.win32\Debug.win32\link.12412.write.1.tlog
D:\GitHub\cocos2d-x-2.2.4\projects\douxingyun\proj.win32\Debug.win32\link.13544-cvtres.read.1.tlog
D:\GitHub\cocos2d-x-2.2.4\projects\douxingyun\proj.win32\Debug.win32\link.13544-cvtres.write.1.tlog
D:\GitHub\cocos2d-x-2.2.4\projects\douxingyun\proj.win32\Debug.win32\link.13544-rc.read.1.tlog
D:\GitHub\cocos2d-x-2.2.4\projects\douxingyun\proj.win32\Debug.win32\link.13544-rc.write.1.tlog
D:\GitHub\cocos2d-x-2.2.4\projects\douxingyun\proj.win32\Debug.win32\link.13544.read.1.tlog
D:\GitHub\cocos2d-x-2.2.4\projects\douxingyun\proj.win32\Debug.win32\link.13544.write.1.tlog
D:\GitHub\cocos2d-x-2.2.4\projects\douxingyun\proj.win32\Debug.win32\link.13648-cvtres.read.1.tlog
D:\GitHub\cocos2d-x-2.2.4\projects\douxingyun\proj.win32\Debug.win32\link.13648-cvtres.write.1.tlog
D:\GitHub\cocos2d-x-2.2.4\projects\douxingyun\proj.win32\Debug.win32\link.13648-rc.read.1.tlog
D:\GitHub\cocos2d-x-2.2.4\projects\douxingyun\proj.win32\Debug.win32\link.13648-rc.write.1.tlog
D:\GitHub\cocos2d-x-2.2.4\projects\douxingyun\proj.win32\Debug.win32\link.13648.read.1.tlog
D:\GitHub\cocos2d-x-2.2.4\projects\douxingyun\proj.win32\Debug.win32\link.13648.write.1.tlog
D:\GitHub\cocos2d-x-2.2.4\projects\douxingyun\proj.win32\Debug.win32\link.13864-cvtres.read.1.tlog
D:\GitHub\cocos2d-x-2.2.4\projects\douxingyun\proj.win32\Debug.win32\link.13864-cvtres.write.1.tlog
D:\GitHub\cocos2d-x-2.2.4\projects\douxingyun\proj.win32\Debug.win32\link.13864-rc.read.1.tlog
D:\GitHub\cocos2d-x-2.2.4\projects\douxingyun\proj.win32\Debug.win32\link.13864-rc.write.1.tlog
D:\GitHub\cocos2d-x-2.2.4\projects\douxingyun\proj.win32\Debug.win32\link.13864.read.1.tlog
D:\GitHub\cocos2d-x-2.2.4\projects\douxingyun\proj.win32\Debug.win32\link.13864.write.1.tlog
D:\GitHub\cocos2d-x-2.2.4\projects\douxingyun\proj.win32\Debug.win32\link.13952-cvtres.read.1.tlog
D:\GitHub\cocos2d-x-2.2.4\projects\douxingyun\proj.win32\Debug.win32\link.13952-cvtres.write.1.tlog
D:\GitHub\cocos2d-x-2.2.4\projects\douxingyun\proj.win32\Debug.win32\link.13952-rc.read.1.tlog
D:\GitHub\cocos2d-x-2.2.4\projects\douxingyun\proj.win32\Debug.win32\link.13952-rc.write.1.tlog
D:\GitHub\cocos2d-x-2.2.4\projects\douxingyun\proj.win32\Debug.win32\link.13952.read.1.tlog
D:\GitHub\cocos2d-x-2.2.4\projects\douxingyun\proj.win32\Debug.win32\link.13952.write.1.tlog
D:\GitHub\cocos2d-x-2.2.4\projects\douxingyun\proj.win32\Debug.win32\link.14616-cvtres.read.1.tlog
D:\GitHub\cocos2d-x-2.2.4\projects\douxingyun\proj.win32\Debug.win32\link.14616-cvtres.write.1.tlog
D:\GitHub\cocos2d-x-2.2.4\projects\douxingyun\proj.win32\Debug.win32\link.14616-rc.read.1.tlog
D:\GitHub\cocos2d-x-2.2.4\projects\douxingyun\proj.win32\Debug.win32\link.14616-rc.write.1.tlog
D:\GitHub\cocos2d-x-2.2.4\projects\douxingyun\proj.win32\Debug.win32\link.14616.read.1.tlog
D:\GitHub\cocos2d-x-2.2.4\projects\douxingyun\proj.win32\Debug.win32\link.14616.write.1.tlog
D:\GitHub\cocos2d-x-2.2.4\projects\douxingyun\proj.win32\Debug.win32\link.15188-cvtres.read.1.tlog
D:\GitHub\cocos2d-x-2.2.4\projects\douxingyun\proj.win32\Debug.win32\link.15188-cvtres.write.1.tlog
D:\GitHub\cocos2d-x-2.2.4\projects\douxingyun\proj.win32\Debug.win32\link.15188-rc.read.1.tlog
D:\GitHub\cocos2d-x-2.2.4\projects\douxingyun\proj.win32\Debug.win32\link.15188-rc.write.1.tlog
D:\GitHub\cocos2d-x-2.2.4\projects\douxingyun\proj.win32\Debug.win32\link.15188.read.1.tlog
D:\GitHub\cocos2d-x-2.2.4\projects\douxingyun\proj.win32\Debug.win32\link.15188.write.1.tlog
D:\GitHub\cocos2d-x-2.2.4\projects\douxingyun\proj.win32\Debug.win32\link.15976-cvtres.read.1.tlog
D:\GitHub\cocos2d-x-2.2.4\projects\douxingyun\proj.win32\Debug.win32\link.15976-cvtres.write.1.tlog
D:\GitHub\cocos2d-x-2.2.4\projects\douxingyun\proj.win32\Debug.win32\link.15976-rc.read.1.tlog
D:\GitHub\cocos2d-x-2.2.4\projects\douxingyun\proj.win32\Debug.win32\link.15976-rc.write.1.tlog
D:\GitHub\cocos2d-x-2.2.4\projects\douxingyun\proj.win32\Debug.win32\link.15976.read.1.tlog
D:\GitHub\cocos2d-x-2.2.4\projects\douxingyun\proj.win32\Debug.win32\link.15976.write.1.tlog
D:\GitHub\cocos2d-x-2.2.4\projects\douxingyun\proj.win32\Debug.win32\link.16088-cvtres.read.1.tlog
D:\GitHub\cocos2d-x-2.2.4\projects\douxingyun\proj.win32\Debug.win32\link.16088-cvtres.write.1.tlog
D:\GitHub\cocos2d-x-2.2.4\projects\douxingyun\proj.win32\Debug.win32\link.16088-rc.read.1.tlog
D:\GitHub\cocos2d-x-2.2.4\projects\douxingyun\proj.win32\Debug.win32\link.16088-rc.write.1.tlog
D:\GitHub\cocos2d-x-2.2.4\projects\douxingyun\proj.win32\Debug.win32\link.16088.read.1.tlog
D:\GitHub\cocos2d-x-2.2.4\projects\douxingyun\proj.win32\Debug.win32\link.16088.write.1.tlog
D:\GitHub\cocos2d-x-2.2.4\projects\douxingyun\proj.win32\Debug.win32\link.7604-cvtres.read.1.tlog
D:\GitHub\cocos2d-x-2.2.4\projects\douxingyun\proj.win32\Debug.win32\link.7604-cvtres.write.1.tlog
D:\GitHub\cocos2d-x-2.2.4\projects\douxingyun\proj.win32\Debug.win32\link.7604-rc.read.1.tlog
D:\GitHub\cocos2d-x-2.2.4\projects\douxingyun\proj.win32\Debug.win32\link.7604-rc.write.1.tlog
D:\GitHub\cocos2d-x-2.2.4\projects\douxingyun\proj.win32\Debug.win32\link.7604.read.1.tlog
D:\GitHub\cocos2d-x-2.2.4\projects\douxingyun\proj.win32\Debug.win32\link.7604.write.1.tlog
D:\GitHub\cocos2d-x-2.2.4\projects\douxingyun\proj.win32\Debug.win32\link.8076-cvtres.read.1.tlog
D:\GitHub\cocos2d-x-2.2.4\projects\douxingyun\proj.win32\Debug.win32\link.8076-cvtres.write.1.tlog
D:\GitHub\cocos2d-x-2.2.4\projects\douxingyun\proj.win32\Debug.win32\link.8076-rc.read.1.tlog
D:\GitHub\cocos2d-x-2.2.4\projects\douxingyun\proj.win32\Debug.win32\link.8076-rc.write.1.tlog
D:\GitHub\cocos2d-x-2.2.4\projects\douxingyun\proj.win32\Debug.win32\link.8076.read.1.tlog
D:\GitHub\cocos2d-x-2.2.4\projects\douxingyun\proj.win32\Debug.win32\link.8076.write.1.tlog
D:\GitHub\cocos2d-x-2.2.4\projects\douxingyun\proj.win32\Debug.win32\link.9340-cvtres.read.1.tlog
D:\GitHub\cocos2d-x-2.2.4\projects\douxingyun\proj.win32\Debug.win32\link.9340-cvtres.write.1.tlog
D:\GitHub\cocos2d-x-2.2.4\projects\douxingyun\proj.win32\Debug.win32\link.9340-rc.read.1.tlog
D:\GitHub\cocos2d-x-2.2.4\projects\douxingyun\proj.win32\Debug.win32\link.9340-rc.write.1.tlog
D:\GitHub\cocos2d-x-2.2.4\projects\douxingyun\proj.win32\Debug.win32\link.9340.read.1.tlog
D:\GitHub\cocos2d-x-2.2.4\projects\douxingyun\proj.win32\Debug.win32\link.9340.write.1.tlog
D:\GitHub\cocos2d-x-2.2.4\projects\douxingyun\proj.win32\Debug.win32\link.9884-cvtres.read.1.tlog
D:\GitHub\cocos2d-x-2.2.4\projects\douxingyun\proj.win32\Debug.win32\link.9884-cvtres.write.1.tlog
D:\GitHub\cocos2d-x-2.2.4\projects\douxingyun\proj.win32\Debug.win32\link.9884-rc.read.1.tlog
D:\GitHub\cocos2d-x-2.2.4\projects\douxingyun\proj.win32\Debug.win32\link.9884-rc.write.1.tlog
D:\GitHub\cocos2d-x-2.2.4\projects\douxingyun\proj.win32\Debug.win32\link.9884.read.1.tlog
D:\GitHub\cocos2d-x-2.2.4\projects\douxingyun\proj.win32\Debug.win32\link.9884.write.1.tlog
D:\GitHub\cocos2d-x-2.2.4\projects\douxingyun\proj.win32\Debug.win32\link.command.1.tlog
D:\GitHub\cocos2d-x-2.2.4\projects\douxingyun\proj.win32\Debug.win32\link.read.1.tlog
D:\GitHub\cocos2d-x-2.2.4\projects\douxingyun\proj.win32\Debug.win32\link.write.1.tlog
D:\GitHub\cocos2d-x-2.2.4\projects\douxingyun\proj.win32\Debug.win32\vc110.idb
D:\GitHub\cocos2d-x-2.2.4\projects\douxingyun\proj.win32\Debug.win32\vc110.pdb
D:\GitHub\cocos2d-x-2.2.4\Debug.win32\douxingyun.pdb
D:\GitHub\cocos2d-x-2.2.4\Debug.win32\douxingyun.exe
D:\GitHub\cocos2d-x-2.2.4\Debug.win32\douxingyun.ilk
