D:\GITHUB\COCOS2D-X-2.2.4\PROJECTS\DOUXINGYUN\PROJ.WIN32\DEBUG.WIN32\HELLOWORLDSCENE.OBJ
D:\GITHUB\COCOS2D-X-2.2.4\PROJECTS\DOUXINGYUN\PROJ.WIN32\DEBUG.WIN32\CPACKET.OBJ
D:\GITHUB\COCOS2D-X-2.2.4\PROJECTS\DOUXINGYUN\PROJ.WIN32\DEBUG.WIN32\CTCPCLIENT.OBJ
D:\GITHUB\COCOS2D-X-2.2.4\PROJECTS\DOUXINGYUN\PROJ.WIN32\DEBUG.WIN32\MAIN.OBJ
D:\GITHUB\COCOS2D-X-2.2.4\PROJECTS\DOUXINGYUN\PROJ.WIN32\DEBUG.WIN32\VC110.PDB
D:\GITHUB\COCOS2D-X-2.2.4\PROJECTS\DOUXINGYUN\PROJ.WIN32\DEBUG.WIN32\APPDELEGATE.OBJ
D:\GITHUB\COCOS2D-X-2.2.4\PROJECTS\DOUXINGYUN\PROJ.WIN32\DEBUG.WIN32\CTCPSERVER.OBJ
D:\GITHUB\COCOS2D-X-2.2.4\DEBUG.WIN32\DOUXINGYUN.ILK
D:\GITHUB\COCOS2D-X-2.2.4\DEBUG.WIN32\DOUXINGYUN.EXE
D:\GITHUB\COCOS2D-X-2.2.4\DEBUG.WIN32\DOUXINGYUN.PDB
D:\GitHub\cocos2d-x-2.2.4\projects\douxingyun\proj.win32\Debug.win32\AppDelegate.obj
D:\GitHub\cocos2d-x-2.2.4\projects\douxingyun\proj.win32\Debug.win32\CPacket.obj
D:\GitHub\cocos2d-x-2.2.4\projects\douxingyun\proj.win32\Debug.win32\CTCPClient.obj
D:\GitHub\cocos2d-x-2.2.4\projects\douxingyun\proj.win32\Debug.win32\CTCPMng.obj
D:\GitHub\cocos2d-x-2.2.4\projects\douxingyun\proj.win32\Debug.win32\CTCPServer.obj
D:\GitHub\cocos2d-x-2.2.4\projects\douxingyun\proj.win32\Debug.win32\HelloWorldScene.obj
D:\GitHub\cocos2d-x-2.2.4\projects\douxingyun\proj.win32\Debug.win32\main.obj
D:\GitHub\cocos2d-x-2.2.4\projects\douxingyun\proj.win32\Debug.win32\源.obj
D:\GitHub\cocos2d-x-2.2.4\projects\douxingyun\proj.win32\Debug.win32\cl.command.1.tlog
D:\GitHub\cocos2d-x-2.2.4\projects\douxingyun\proj.win32\Debug.win32\CL.read.1.tlog
D:\GitHub\cocos2d-x-2.2.4\projects\douxingyun\proj.win32\Debug.win32\CL.write.1.tlog
D:\GitHub\cocos2d-x-2.2.4\projects\douxingyun\proj.win32\Debug.win32\link-cvtres.read.1.tlog
D:\GitHub\cocos2d-x-2.2.4\projects\douxingyun\proj.win32\Debug.win32\link-cvtres.write.1.tlog
D:\GitHub\cocos2d-x-2.2.4\projects\douxingyun\proj.win32\Debug.win32\link-rc.read.1.tlog
D:\GitHub\cocos2d-x-2.2.4\projects\douxingyun\proj.win32\Debug.win32\link-rc.write.1.tlog
D:\GitHub\cocos2d-x-2.2.4\projects\douxingyun\proj.win32\Debug.win32\link.10668.read.1.tlog
D:\GitHub\cocos2d-x-2.2.4\projects\douxingyun\proj.win32\Debug.win32\link.10668.write.1.tlog
D:\GitHub\cocos2d-x-2.2.4\projects\douxingyun\proj.win32\Debug.win32\link.10716-cvtres.read.1.tlog
D:\GitHub\cocos2d-x-2.2.4\projects\douxingyun\proj.win32\Debug.win32\link.10716-cvtres.write.1.tlog
D:\GitHub\cocos2d-x-2.2.4\projects\douxingyun\proj.win32\Debug.win32\link.10716-rc.read.1.tlog
D:\GitHub\cocos2d-x-2.2.4\projects\douxingyun\proj.win32\Debug.win32\link.10716-rc.write.1.tlog
D:\GitHub\cocos2d-x-2.2.4\projects\douxingyun\proj.win32\Debug.win32\link.10716.read.1.tlog
D:\GitHub\cocos2d-x-2.2.4\projects\douxingyun\proj.win32\Debug.win32\link.10716.write.1.tlog
D:\GitHub\cocos2d-x-2.2.4\projects\douxingyun\proj.win32\Debug.win32\link.10816-cvtres.read.1.tlog
D:\GitHub\cocos2d-x-2.2.4\projects\douxingyun\proj.win32\Debug.win32\link.10816-cvtres.write.1.tlog
D:\GitHub\cocos2d-x-2.2.4\projects\douxingyun\proj.win32\Debug.win32\link.10816-rc.read.1.tlog
D:\GitHub\cocos2d-x-2.2.4\projects\douxingyun\proj.win32\Debug.win32\link.10816-rc.write.1.tlog
D:\GitHub\cocos2d-x-2.2.4\projects\douxingyun\proj.win32\Debug.win32\link.10816.read.1.tlog
D:\GitHub\cocos2d-x-2.2.4\projects\douxingyun\proj.win32\Debug.win32\link.10816.write.1.tlog
D:\GitHub\cocos2d-x-2.2.4\projects\douxingyun\proj.win32\Debug.win32\link.11560-cvtres.read.1.tlog
D:\GitHub\cocos2d-x-2.2.4\projects\douxingyun\proj.win32\Debug.win32\link.11560-cvtres.write.1.tlog
D:\GitHub\cocos2d-x-2.2.4\projects\douxingyun\proj.win32\Debug.win32\link.11560-rc.read.1.tlog
D:\GitHub\cocos2d-x-2.2.4\projects\douxingyun\proj.win32\Debug.win32\link.11560-rc.write.1.tlog
D:\GitHub\cocos2d-x-2.2.4\projects\douxingyun\proj.win32\Debug.win32\link.11560.read.1.tlog
D:\GitHub\cocos2d-x-2.2.4\projects\douxingyun\proj.win32\Debug.win32\link.11560.write.1.tlog
D:\GitHub\cocos2d-x-2.2.4\projects\douxingyun\proj.win32\Debug.win32\link.3684-cvtres.read.1.tlog
D:\GitHub\cocos2d-x-2.2.4\projects\douxingyun\proj.win32\Debug.win32\link.3684-cvtres.write.1.tlog
D:\GitHub\cocos2d-x-2.2.4\projects\douxingyun\proj.win32\Debug.win32\link.3684-rc.read.1.tlog
D:\GitHub\cocos2d-x-2.2.4\projects\douxingyun\proj.win32\Debug.win32\link.3684-rc.write.1.tlog
D:\GitHub\cocos2d-x-2.2.4\projects\douxingyun\proj.win32\Debug.win32\link.3684.read.1.tlog
D:\GitHub\cocos2d-x-2.2.4\projects\douxingyun\proj.win32\Debug.win32\link.3684.write.1.tlog
D:\GitHub\cocos2d-x-2.2.4\projects\douxingyun\proj.win32\Debug.win32\link.command.1.tlog
D:\GitHub\cocos2d-x-2.2.4\projects\douxingyun\proj.win32\Debug.win32\link.read.1.tlog
D:\GitHub\cocos2d-x-2.2.4\projects\douxingyun\proj.win32\Debug.win32\link.write.1.tlog
D:\GitHub\cocos2d-x-2.2.4\projects\douxingyun\proj.win32\Debug.win32\vc110.idb
D:\GitHub\cocos2d-x-2.2.4\projects\douxingyun\proj.win32\Debug.win32\vc110.pdb
